# JRE version: Java(TM) SE Runtime Environment (8.0_77-b03) (build 1.8.0_77-b03)
# Java VM: Java HotSpot(TM) 64-Bit Server VM (25.77-b03 mixed mode windows-amd64 compressed oops)
Heap:
 PSYoungGen      total 180224K, used 137948K [0x00000000eab00000, 0x00000000f7300000, 0x0000000100000000)
  eden space 156672K, 88% used [0x00000000eab00000,0x00000000f31b73e0,0x00000000f4400000)
  from space 23552K, 0% used [0x00000000f5c00000,0x00000000f5c00000,0x00000000f7300000)
  to   space 24064K, 0% used [0x00000000f4400000,0x00000000f4400000,0x00000000f5b80000)
 ParOldGen       total 101888K, used 37688K [0x00000000c0000000, 0x00000000c6380000, 0x00000000eab00000)
  object space 101888K, 36% used [0x00000000c0000000,0x00000000c24ce220,0x00000000c6380000)
 Metaspace       used 61042K, capacity 63002K, committed 63192K, reserved 1103872K
  class space    used 7981K, capacity 8379K, committed 8448K, reserved 1048576K
GC Heap History (10 events):
Event: 508.369 GC heap before
{Heap before GC invocations=31 (full 5):
 PSYoungGen      total 154624K, used 119183K [0x00000000eab00000, 0x00000000f6800000, 0x0000000100000000)
  eden space 128512K, 87% used [0x00000000eab00000,0x00000000f1883650,0x00000000f2880000)
  from space 26112K, 26% used [0x00000000f2880000,0x00000000f2f606d8,0x00000000f4200000)
  to   space 25088K, 0% used [0x00000000f4f80000,0x00000000f4f80000,0x00000000f6800000)
 ParOldGen       total 101888K, used 36654K [0x00000000c0000000, 0x00000000c6380000, 0x00000000eab00000)
  object space 101888K, 35% used [0x00000000c0000000,0x00000000c23cb9e8,0x00000000c6380000)
 Metaspace       used 60238K, capacity 61860K, committed 62040K, reserved 1103872K
  class space    used 7922K, capacity 8294K, committed 8320K, reserved 1048576K
Event: 508.375 GC heap after
Heap after GC invocations=31 (full 5):
 PSYoungGen      total 167424K, used 2838K [0x00000000eab00000, 0x00000000f6700000, 0x0000000100000000)
  eden space 143360K, 0% used [0x00000000eab00000,0x00000000eab00000,0x00000000f3700000)
  from space 24064K, 11% used [0x00000000f4f80000,0x00000000f5245a80,0x00000000f6700000)
  to   space 24576K, 0% used [0x00000000f3700000,0x00000000f3700000,0x00000000f4f00000)
 ParOldGen       total 101888K, used 36662K [0x00000000c0000000, 0x00000000c6380000, 0x00000000eab00000)
  object space 101888K, 35% used [0x00000000c0000000,0x00000000c23cd9e8,0x00000000c6380000)
 Metaspace       used 60238K, capacity 61860K, committed 62040K, reserved 1103872K
  class space    used 7922K, capacity 8294K, committed 8320K, reserved 1048576K
}
Event: 508.375 GC heap before
{Heap before GC invocations=32 (full 6):
 PSYoungGen      total 167424K, used 2838K [0x00000000eab00000, 0x00000000f6700000, 0x0000000100000000)
  eden space 143360K, 0% used [0x00000000eab00000,0x00000000eab00000,0x00000000f3700000)
  from space 24064K, 11% used [0x00000000f4f80000,0x00000000f5245a80,0x00000000f6700000)
  to   space 24576K, 0% used [0x00000000f3700000,0x00000000f3700000,0x00000000f4f00000)
 ParOldGen       total 101888K, used 36662K [0x00000000c0000000, 0x00000000c6380000, 0x00000000eab00000)
  object space 101888K, 35% used [0x00000000c0000000,0x00000000c23cd9e8,0x00000000c6380000)
 Metaspace       used 60238K, capacity 61860K, committed 62040K, reserved 1103872K
  class space    used 7922K, capacity 8294K, committed 8320K, reserved 1048576K
Event: 508.756 GC heap after
Heap after GC invocations=32 (full 6):
 PSYoungGen      total 167424K, used 0K [0x00000000eab00000, 0x00000000f6700000, 0x0000000100000000)
  eden space 143360K, 0% used [0x00000000eab00000,0x00000000eab00000,0x00000000f3700000)
  from space 24064K, 0% used [0x00000000f4f80000,0x00000000f4f80000,0x00000000f6700000)
  to   space 24576K, 0% used [0x00000000f3700000,0x00000000f3700000,0x00000000f4f00000)
 ParOldGen       total 101888K, used 37957K [0x00000000c0000000, 0x00000000c6380000, 0x00000000eab00000)
  object space 101888K, 37% used [0x00000000c0000000,0x00000000c2511670,0x00000000c6380000)
 Metaspace       used 60238K, capacity 61860K, committed 62040K, reserved 1103872K
  class space    used 7922K, capacity 8294K, committed 8320K, reserved 1048576K
}
Event: 720.767 GC heap before
{Heap before GC invocations=33 (full 6):
 PSYoungGen      total 167424K, used 143360K [0x00000000eab00000, 0x00000000f6700000, 0x0000000100000000)
  eden space 143360K, 100% used [0x00000000eab00000,0x00000000f3700000,0x00000000f3700000)
  from space 24064K, 0% used [0x00000000f4f80000,0x00000000f4f80000,0x00000000f6700000)
  to   space 24576K, 0% used [0x00000000f3700000,0x00000000f3700000,0x00000000f4f00000)
 ParOldGen       total 101888K, used 37957K [0x00000000c0000000, 0x00000000c6380000, 0x00000000eab00000)
  object space 101888K, 37% used [0x00000000c0000000,0x00000000c2511670,0x00000000c6380000)
 Metaspace       used 60588K, capacity 62388K, committed 62680K, reserved 1103872K
  class space    used 7947K, capacity 8326K, committed 8448K, reserved 1048576K
Event: 720.773 GC heap after
Heap after GC invocations=33 (full 6):
 PSYoungGen      total 167936K, used 2303K [0x00000000eab00000, 0x00000000f7400000, 0x0000000100000000)
  eden space 143360K, 0% used [0x00000000eab00000,0x00000000eab00000,0x00000000f3700000)
  from space 24576K, 9% used [0x00000000f3700000,0x00000000f393fc50,0x00000000f4f00000)
  to   space 24576K, 0% used [0x00000000f5c00000,0x00000000f5c00000,0x00000000f7400000)
 ParOldGen       total 101888K, used 37965K [0x00000000c0000000, 0x00000000c6380000, 0x00000000eab00000)
  object space 101888K, 37% used [0x00000000c0000000,0x00000000c2513670,0x00000000c6380000)
 Metaspace       used 60588K, capacity 62388K, committed 62680K, reserved 1103872K
  class space    used 7947K, capacity 8326K, committed 8448K, reserved 1048576K
}
Event: 722.801 GC heap before
{Heap before GC invocations=34 (full 6):
 PSYoungGen      total 167936K, used 108877K [0x00000000eab00000, 0x00000000f7400000, 0x0000000100000000)
  eden space 143360K, 74% used [0x00000000eab00000,0x00000000f13139b0,0x00000000f3700000)
  from space 24576K, 9% used [0x00000000f3700000,0x00000000f393fc50,0x00000000f4f00000)
  to   space 24576K, 0% used [0x00000000f5c00000,0x00000000f5c00000,0x00000000f7400000)
 ParOldGen       total 101888K, used 37965K [0x00000000c0000000, 0x00000000c6380000, 0x00000000eab00000)
  object space 101888K, 37% used [0x00000000c0000000,0x00000000c2513670,0x00000000c6380000)
 Metaspace       used 60874K, capacity 62890K, committed 63192K, reserved 1103872K
  class space    used 7971K, capacity 8367K, committed 8448K, reserved 1048576K
Event: 722.805 GC heap after
Heap after GC invocations=34 (full 6):
 PSYoungGen      total 180224K, used 1799K [0x00000000eab00000, 0x00000000f7300000, 0x0000000100000000)
  eden space 156672K, 0% used [0x00000000eab00000,0x00000000eab00000,0x00000000f4400000)
  from space 23552K, 7% used [0x00000000f5c00000,0x00000000f5dc1e30,0x00000000f7300000)
  to   space 24064K, 0% used [0x00000000f4400000,0x00000000f4400000,0x00000000f5b80000)
 ParOldGen       total 101888K, used 37973K [0x00000000c0000000, 0x00000000c6380000, 0x00000000eab00000)
  object space 101888K, 37% used [0x00000000c0000000,0x00000000c2515670,0x00000000c6380000)
 Metaspace       used 60874K, capacity 62890K, committed 63192K, reserved 1103872K
  class space    used 7971K, capacity 8367K, committed 8448K, reserved 1048576K
}
Event: 722.805 GC heap before
{Heap before GC invocations=35 (full 7):
 PSYoungGen      total 180224K, used 1799K [0x00000000eab00000, 0x00000000f7300000, 0x0000000100000000)
  eden space 156672K, 0% used [0x00000000eab00000,0x00000000eab00000,0x00000000f4400000)
  from space 23552K, 7% used [0x00000000f5c00000,0x00000000f5dc1e30,0x00000000f7300000)
  to   space 24064K, 0% used [0x00000000f4400000,0x00000000f4400000,0x00000000f5b80000)
 ParOldGen       total 101888K, used 37973K [0x00000000c0000000, 0x00000000c6380000, 0x00000000eab00000)
  object space 101888K, 37% used [0x00000000c0000000,0x00000000c2515670,0x00000000c6380000)
 Metaspace       used 60874K, capacity 62890K, committed 63192K, reserved 1103872K
  class space    used 7971K, capacity 8367K, committed 8448K, reserved 1048576K
Event: 723.133 GC heap after
Heap after GC invocations=35 (full 7):
 PSYoungGen      total 180224K, used 0K [0x00000000eab00000, 0x00000000f7300000, 0x0000000100000000)
  eden space 156672K, 0% used [0x00000000eab00000,0x00000000eab00000,0x00000000f4400000)
  from space 23552K, 0% used [0x00000000f5c00000,0x00000000f5c00000,0x00000000f7300000)
  to   space 24064K, 0% used [0x00000000f4400000,0x00000000f4400000,0x00000000f5b80000)
 ParOldGen       total 101888K, used 37688K [0x00000000c0000000, 0x00000000c6380000, 0x00000000eab00000)
  object space 101888K, 36% used [0x00000000c0000000,0x00000000c24ce220,0x00000000c6380000)
 Metaspace       used 60874K, capacity 62890K, committed 63192K, reserved 1103872K
  class space    used 7971K, capacity 8367K, committed 8448K, reserved 1048576K
}

